<?xml version="1.0" encoding="UTF-8"?>
<!-- Generated by org.testng.reporters.JUnitReportReporter -->
<testsuite hostname="DESKTOP-JI5U9C8" failures="0" tests="5" name="request_Response_APITestMethods.HttpRequests" time="3.621" errors="0" timestamp="2024-02-09T15:11:46 CST" skipped="0">
  <testcase classname="request_Response_APITestMethods.HttpRequests" name="getSingleUSer" time="1.521"/>
  <system-out/>
  <testcase classname="request_Response_APITestMethods.HttpRequests" name="getAllUSers" time="0.711"/>
  <system-out/>
  <testcase classname="request_Response_APITestMethods.HttpRequests" name="CreateUser" time="0.695"/>
  <system-out/>
  <testcase classname="request_Response_APITestMethods.HttpRequests" name="UpdateUser" time="0.367"/>
  <system-out/>
  <testcase classname="request_Response_APITestMethods.HttpRequests" name="DeleteUser" time="0.327"/>
  <system-out/>
</testsuite> <!-- request_Response_APITestMethods.HttpRequests -->
